2025-12-27 01:06:26,279 - __main__ - INFO - ============================================================
2025-12-27 01:06:26,280 - __main__ - INFO - Starting production pipeline for DataLake-DBN1 - cpu.usage.average
2025-12-27 01:06:26,280 - __main__ - INFO - ============================================================
2025-12-27 01:06:26,280 - __main__ - INFO - Step 1: Loading data...
2025-12-27 01:06:26,363 - __main__ - INFO - Step 2: Preprocessing data...
2025-12-27 01:06:26,363 - __main__ - INFO - Preparing data for server=DataLake-DBN1, metric=cpu.usage.average
2025-12-27 01:06:26,367 - __main__ - INFO - Main time interval: 0 days 00:30:00
2025-12-27 01:06:26,368 - __main__ - INFO - Prepared 254 records, span: 2025-11-25 17:00:00 to 2025-11-30 23:30:00
2025-12-27 01:06:26,368 - __main__ - INFO - Step 3: Training model...
2025-12-27 01:06:26,368 - __main__ - INFO - ProductionProphetForecaster initialized
2025-12-27 01:06:26,368 - __main__ - INFO - Training model on 254 records
2025-12-27 01:06:26,455 - cmdstanpy - INFO - CmdStan start processing
2025-12-27 01:06:32,278 - cmdstanpy - INFO - CmdStan done processing.
2025-12-27 01:06:32,279 - cmdstanpy - WARNING - Non-fatal error during sampling:
Exception: normal_id_glm_lpdf: Scale vector is 0, but must be positive finite! (in 'prophet.stan', line 137, column 2 to line 142, column 4)
Exception: normal_id_glm_lpdf: Scale vector is 0, but must be positive finite! (in 'prophet.stan', line 137, column 2 to line 142, column 4)
Exception: normal_id_glm_lpdf: Scale vector is 0, but must be positive finite! (in 'prophet.stan', line 137, column 2 to line 142, column 4)
Exception: normal_id_glm_lpdf: Scale vector is inf, but must be positive finite! (in 'prophet.stan', line 137, column 2 to line 142, column 4)
	Exception: normal_id_glm_lpdf: Scale vector is inf, but must be positive finite! (in 'prophet.stan', line 137, column 2 to line 142, column 4)
Consider re-running with show_console=True if the above output is unclear!
2025-12-27 01:06:32,292 - cmdstanpy - WARNING - Some chains may have failed to converge.
	Chain 1 had 149 iterations at max treedepth (99.3%)
	Chain 2 had 1 divergent transitions (0.7%)
	Chain 2 had 148 iterations at max treedepth (98.7%)
	Chain 3 had 149 iterations at max treedepth (99.3%)
	Chain 4 had 149 iterations at max treedepth (99.3%)
	Use the "diagnose()" method on the CmdStanMCMC object to see further information.
2025-12-27 01:06:32,345 - __main__ - INFO - Model saved to /Users/sweetd0ve/dashboard/notebooks/models/prophet_model_20251227_010632.pkl
2025-12-27 01:06:32,345 - __main__ - INFO - Model training completed
2025-12-27 01:06:32,351 - __main__ - INFO - Model saved to /Users/sweetd0ve/dashboard/notebooks/models/DataLake-DBN1_cpu.usage.average_model.pkl
2025-12-27 01:06:32,351 - __main__ - INFO - Step 4: Evaluating model...
2025-12-27 01:06:32,351 - __main__ - INFO - Training model on 203 records
2025-12-27 01:06:32,388 - cmdstanpy - INFO - CmdStan start processing
2025-12-27 01:06:37,301 - cmdstanpy - INFO - CmdStan done processing.
2025-12-27 01:06:37,301 - cmdstanpy - WARNING - Non-fatal error during sampling:
Exception: normal_id_glm_lpdf: Scale vector is 0, but must be positive finite! (in 'prophet.stan', line 137, column 2 to line 142, column 4)
Exception: normal_id_glm_lpdf: Scale vector is inf, but must be positive finite! (in 'prophet.stan', line 137, column 2 to line 142, column 4)
Exception: normal_id_glm_lpdf: Scale vector is 0, but must be positive finite! (in 'prophet.stan', line 137, column 2 to line 142, column 4)
Exception: normal_id_glm_lpdf: Scale vector is 0, but must be positive finite! (in 'prophet.stan', line 137, column 2 to line 142, column 4)
Consider re-running with show_console=True if the above output is unclear!
2025-12-27 01:06:37,311 - cmdstanpy - WARNING - Some chains may have failed to converge.
	Chain 1 had 149 iterations at max treedepth (99.3%)
	Chain 2 had 1 divergent transitions (0.7%)
	Chain 2 had 148 iterations at max treedepth (98.7%)
	Chain 3 had 3 divergent transitions (2.0%)
	Chain 3 had 146 iterations at max treedepth (97.3%)
	Chain 4 had 53 divergent transitions (35.3%)
	Chain 4 had 96 iterations at max treedepth (64.0%)
	Use the "diagnose()" method on the CmdStanMCMC object to see further information.
2025-12-27 01:06:37,323 - __main__ - INFO - Model training completed
2025-12-27 01:06:37,569 - __main__ - INFO - Forecast saved to /Users/sweetd0ve/dashboard/notebooks/forecasts/forecast_20251227_010637.csv
2025-12-27 01:06:37,569 - __main__ - INFO - Forecast generated for 51 periods
2025-12-27 01:06:37,574 - __main__ - INFO - Model evaluation metrics: {'mae': 0.56, 'mse': 0.3842549019607843, 'rmse': 0.6198829744078993, 'mape': 10.82421504834778, 'smape': 11.588979205258381, 'coverage': 58.82352941176471}
2025-12-27 01:06:37,574 - __main__ - INFO - Step 5: Generating forecast...
2025-12-27 01:06:37,888 - __main__ - INFO - Forecast saved to /Users/sweetd0ve/dashboard/notebooks/forecasts/forecast_20251227_010637.csv
2025-12-27 01:06:37,889 - __main__ - INFO - Forecast generated for 48 periods
2025-12-27 01:06:37,889 - __main__ - INFO - Step 6: Creating dashboard...
2025-12-27 01:06:39,098 - __main__ - INFO - Dashboard saved to forecasts/dashboard_20251227_010637.png
2025-12-27 01:06:39,098 - __main__ - INFO - Step 7: Exporting results...
2025-12-27 01:06:39,132 - __main__ - INFO - Pipeline completed successfully!
